--------------- Rebuild Started: 05/07/2020 16:03:27 Project: STS_Firmware, Configuration: ARM GCC 5.4-2016-q2-update Debug ---------------
Deleting file ".\STS_Firmware.rpt"
cydsfit.exe -.appdatapath "C:\Users\Caleb Cotter\AppData\Local\Cypress Semiconductor\PSoC Creator\4.2" -.fdsnotice -.fdswarpdepfile=warp_dependencies.txt -.fdselabdepfile=elab_dependencies.txt -.fdsbldfile=generated_files.txt -.fdsreffile=referenced_files.txt -p "C:\Users\Caleb Cotter\Documents\GitHub\STS\Firmware\STS_Firmware.cydsn\STS_Firmware.cyprj" -d CY8C5888LTI-LP097 -s "C:\Users\Caleb Cotter\Documents\GitHub\STS\Firmware\STS_Firmware.cydsn\Generated_Source\PSoC5" -- -yv2 -q10 -ygs -o2 -v3 -.fftcfgtype=LE
Elaborating Design...
ADD: sdb.M0065: information: Analog terminal "vdac_ref" on ADC_SAR_SEQ_v2_10 is unconnected.
 * C:\Program Files (x86)\Cypress\PSoC Creator\4.2\PSoC Creator\psoc\content\CyComponentLibrary\CyComponentLibrary.cylib\ADC_SAR_SEQ_v2_10\PSoC5\ADC_SAR_SEQ_v2_10.cysch (Signal: vdac_ref)
 * C:\Program Files (x86)\Cypress\PSoC Creator\4.2\PSoC Creator\psoc\content\CyComponentLibrary\CyComponentLibrary.cylib\ADC_SAR_SEQ_v2_10\PSoC5\ADC_SAR_SEQ_v2_10.cysch (Shape_798)
 * C:\Program Files (x86)\Cypress\PSoC Creator\4.2\PSoC Creator\psoc\content\CyComponentLibrary\CyComponentLibrary.cylib\ADC_SAR_SEQ_v2_10\PSoC5\ADC_SAR_SEQ_v2_10.cysch (Shape_885)
HDL Generation...
Synthesis...
Tech Mapping...
ADD: pft.M0040: information: The following 10 pin(s) will be assigned a location by the fitter: \ACC_ADC_A:SAR:Bypass(0)\, \ACC_B_ADC:SAR:Bypass(0)\, BLUE_LED(0), BUZZER(0), ENC_A(0), ENC_B(0), GREEN_LED(0), RED_LED(0), SD_EJECT_BTN(0), TARE_BTN(0)
Analog Placement...
Info: apr.M0002: Analog signal "Net_263" is connected to one terminal only. (App=cydsfit)
Info: apr.M0002: Analog signal "Net_265" is connected to one terminal only. (App=cydsfit)
Info: apr.M0002: Analog signal "Net_267" is connected to one terminal only. (App=cydsfit)
Info: apr.M0002: Analog signal "Net_268" is connected to one terminal only. (App=cydsfit)
Info: apr.M0002: Analog signal "Net_270" is connected to one terminal only. (App=cydsfit)
Info: apr.M0002: Analog signal "Net_272" is connected to one terminal only. (App=cydsfit)
Info: apr.M0002: Analog signal "Net_273" is connected to one terminal only. (App=cydsfit)
Info: apr.M0002: Analog signal "Net_275" is connected to one terminal only. (App=cydsfit)
Info: apr.M0002: Analog signal "Net_277" is connected to one terminal only. (App=cydsfit)
Info: apr.M0002: Analog signal "Net_278" is connected to one terminal only. (App=cydsfit)
Info: apr.M0002: Analog signal "Net_280" is connected to one terminal only. (App=cydsfit)
Info: apr.M0002: Analog signal "Net_282" is connected to one terminal only. (App=cydsfit)
Info: apr.M0002: Analog signal "Net_283" is connected to one terminal only. (App=cydsfit)
Info: apr.M0002: Analog signal "Net_285" is connected to one terminal only. (App=cydsfit)
Info: apr.M0002: Analog signal "Net_287" is connected to one terminal only. (App=cydsfit)
Info: apr.M0002: Analog signal "Net_288" is connected to one terminal only. (App=cydsfit)
Info: apr.M0002: Analog signal "Net_290" is connected to one terminal only. (App=cydsfit)
Info: apr.M0002: Analog signal "Net_292" is connected to one terminal only. (App=cydsfit)
Info: apr.M0002: Analog signal "Net_293" is connected to one terminal only. (App=cydsfit)
Info: apr.M0002: Analog signal "Net_295" is connected to one terminal only. (App=cydsfit)
Info: apr.M0002: Analog signal "Net_297" is connected to one terminal only. (App=cydsfit)
Info: apr.M0002: Analog signal "Net_298" is connected to one terminal only. (App=cydsfit)
Info: apr.M0002: Analog signal "Net_300" is connected to one terminal only. (App=cydsfit)
Info: apr.M0002: Analog signal "Net_302" is connected to one terminal only. (App=cydsfit)
Info: apr.M0002: Analog signal "Net_303" is connected to one terminal only. (App=cydsfit)
Info: apr.M0002: Analog signal "Net_305" is connected to one terminal only. (App=cydsfit)
Info: apr.M0002: Analog signal "Net_307" is connected to one terminal only. (App=cydsfit)
Info: apr.M0002: Analog signal "Net_308" is connected to one terminal only. (App=cydsfit)
Info: apr.M0002: Analog signal "Net_310" is connected to one terminal only. (App=cydsfit)
Info: apr.M0002: Analog signal "Net_312" is connected to one terminal only. (App=cydsfit)
Info: apr.M0002: Analog signal "Net_313" is connected to one terminal only. (App=cydsfit)
Info: apr.M0002: Analog signal "Net_315" is connected to one terminal only. (App=cydsfit)
Info: apr.M0002: Analog signal "Net_317" is connected to one terminal only. (App=cydsfit)
Info: apr.M0002: Analog signal "Net_318" is connected to one terminal only. (App=cydsfit)
Info: apr.M0002: Analog signal "Net_320" is connected to one terminal only. (App=cydsfit)
Info: apr.M0002: Analog signal "Net_322" is connected to one terminal only. (App=cydsfit)
Info: apr.M0002: Analog signal "Net_323" is connected to one terminal only. (App=cydsfit)
Info: apr.M0002: Analog signal "Net_325" is connected to one terminal only. (App=cydsfit)
Info: apr.M0002: Analog signal "Net_327" is connected to one terminal only. (App=cydsfit)
Info: apr.M0002: Analog signal "Net_328" is connected to one terminal only. (App=cydsfit)
Info: apr.M0002: Analog signal "Net_330" is connected to one terminal only. (App=cydsfit)
Info: apr.M0002: Analog signal "Net_332" is connected to one terminal only. (App=cydsfit)
Info: apr.M0002: Analog signal "Net_333" is connected to one terminal only. (App=cydsfit)
Info: apr.M0002: Analog signal "Net_335" is connected to one terminal only. (App=cydsfit)
Info: apr.M0002: Analog signal "Net_337" is connected to one terminal only. (App=cydsfit)
Info: apr.M0002: Analog signal "Net_338" is connected to one terminal only. (App=cydsfit)
Info: apr.M0002: Analog signal "Net_339" is connected to one terminal only. (App=cydsfit)
Info: apr.M0002: Analog signal "Net_340" is connected to one terminal only. (App=cydsfit)
Info: apr.M0002: Analog signal "Net_341" is connected to one terminal only. (App=cydsfit)
Info: apr.M0002: Analog signal "Net_342" is connected to one terminal only. (App=cydsfit)
Info: apr.M0002: Analog signal "Net_343" is connected to one terminal only. (App=cydsfit)
Info: apr.M0002: Analog signal "Net_344" is connected to one terminal only. (App=cydsfit)
Info: apr.M0002: Analog signal "Net_345" is connected to one terminal only. (App=cydsfit)
Info: apr.M0002: Analog signal "Net_346" is connected to one terminal only. (App=cydsfit)
Info: apr.M0002: Analog signal "Net_347" is connected to one terminal only. (App=cydsfit)
Info: apr.M0002: Analog signal "Net_348" is connected to one terminal only. (App=cydsfit)
Info: apr.M0002: Analog signal "Net_349" is connected to one terminal only. (App=cydsfit)
Info: apr.M0002: Analog signal "Net_350" is connected to one terminal only. (App=cydsfit)
Info: apr.M0002: Analog signal "Net_351" is connected to one terminal only. (App=cydsfit)
Info: apr.M0002: Analog signal "Net_352" is connected to one terminal only. (App=cydsfit)
Info: apr.M0002: Analog signal "Net_353" is connected to one terminal only. (App=cydsfit)
Info: apr.M0002: Analog signal "Net_369" is connected to one terminal only. (App=cydsfit)
Info: apr.M0002: Analog signal "Net_371" is connected to one terminal only. (App=cydsfit)
Info: apr.M0002: Analog signal "Net_373" is connected to one terminal only. (App=cydsfit)
Info: apr.M0002: Analog signal "Net_374" is connected to one terminal only. (App=cydsfit)
Info: apr.M0002: Analog signal "Net_376" is connected to one terminal only. (App=cydsfit)
Info: apr.M0002: Analog signal "Net_378" is connected to one terminal only. (App=cydsfit)
Info: apr.M0002: Analog signal "Net_379" is connected to one terminal only. (App=cydsfit)
Info: apr.M0002: Analog signal "Net_381" is connected to one terminal only. (App=cydsfit)
Info: apr.M0002: Analog signal "Net_383" is connected to one terminal only. (App=cydsfit)
Info: apr.M0002: Analog signal "Net_384" is connected to one terminal only. (App=cydsfit)
Info: apr.M0002: Analog signal "Net_386" is connected to one terminal only. (App=cydsfit)
Info: apr.M0002: Analog signal "Net_388" is connected to one terminal only. (App=cydsfit)
Info: apr.M0002: Analog signal "Net_389" is connected to one terminal only. (App=cydsfit)
Info: apr.M0002: Analog signal "Net_391" is connected to one terminal only. (App=cydsfit)
Info: apr.M0002: Analog signal "Net_393" is connected to one terminal only. (App=cydsfit)
Info: apr.M0002: Analog signal "Net_394" is connected to one terminal only. (App=cydsfit)
Info: apr.M0002: Analog signal "Net_396" is connected to one terminal only. (App=cydsfit)
Info: apr.M0002: Analog signal "Net_398" is connected to one terminal only. (App=cydsfit)
Info: apr.M0002: Analog signal "Net_399" is connected to one terminal only. (App=cydsfit)
Info: apr.M0002: Analog signal "Net_401" is connected to one terminal only. (App=cydsfit)
Info: apr.M0002: Analog signal "Net_403" is connected to one terminal only. (App=cydsfit)
Info: apr.M0002: Analog signal "Net_404" is connected to one terminal only. (App=cydsfit)
Info: apr.M0002: Analog signal "Net_406" is connected to one terminal only. (App=cydsfit)
Info: apr.M0002: Analog signal "Net_408" is connected to one terminal only. (App=cydsfit)
Info: apr.M0002: Analog signal "Net_409" is connected to one terminal only. (App=cydsfit)
Info: apr.M0002: Analog signal "Net_411" is connected to one terminal only. (App=cydsfit)
Info: apr.M0002: Analog signal "Net_413" is connected to one terminal only. (App=cydsfit)
Info: apr.M0002: Analog signal "Net_414" is connected to one terminal only. (App=cydsfit)
Info: apr.M0002: Analog signal "Net_416" is connected to one terminal only. (App=cydsfit)
Info: apr.M0002: Analog signal "Net_418" is connected to one terminal only. (App=cydsfit)
Info: apr.M0002: Analog signal "Net_419" is connected to one terminal only. (App=cydsfit)
Info: apr.M0002: Analog signal "Net_421" is connected to one terminal only. (App=cydsfit)
Info: apr.M0002: Analog signal "Net_423" is connected to one terminal only. (App=cydsfit)
Info: apr.M0002: Analog signal "Net_424" is connected to one terminal only. (App=cydsfit)
Info: apr.M0002: Analog signal "Net_426" is connected to one terminal only. (App=cydsfit)
Info: apr.M0002: Analog signal "Net_428" is connected to one terminal only. (App=cydsfit)
Info: apr.M0002: Analog signal "Net_429" is connected to one terminal only. (App=cydsfit)
Info: apr.M0002: Analog signal "Net_431" is connected to one terminal only. (App=cydsfit)
Info: apr.M0002: Analog signal "Net_433" is connected to one terminal only. (App=cydsfit)
Info: apr.M0002: Analog signal "Net_434" is connected to one terminal only. (App=cydsfit)
Info: apr.M0002: Analog signal "Net_436" is connected to one terminal only. (App=cydsfit)
Info: apr.M0002: Analog signal "Net_438" is connected to one terminal only. (App=cydsfit)
Info: apr.M0002: Analog signal "Net_439" is connected to one terminal only. (App=cydsfit)
Info: apr.M0002: Analog signal "Net_441" is connected to one terminal only. (App=cydsfit)
Info: apr.M0002: Analog signal "Net_443" is connected to one terminal only. (App=cydsfit)
Info: apr.M0002: Analog signal "Net_444" is connected to one terminal only. (App=cydsfit)
Info: apr.M0002: Analog signal "Net_445" is connected to one terminal only. (App=cydsfit)
Info: apr.M0002: Analog signal "Net_446" is connected to one terminal only. (App=cydsfit)
Info: apr.M0002: Analog signal "Net_447" is connected to one terminal only. (App=cydsfit)
Info: apr.M0002: Analog signal "Net_448" is connected to one terminal only. (App=cydsfit)
Info: apr.M0002: Analog signal "Net_449" is connected to one terminal only. (App=cydsfit)
Info: apr.M0002: Analog signal "Net_450" is connected to one terminal only. (App=cydsfit)
Info: apr.M0002: Analog signal "Net_451" is connected to one terminal only. (App=cydsfit)
Info: apr.M0002: Analog signal "Net_452" is connected to one terminal only. (App=cydsfit)
Info: apr.M0002: Analog signal "Net_453" is connected to one terminal only. (App=cydsfit)
Info: apr.M0002: Analog signal "Net_454" is connected to one terminal only. (App=cydsfit)
Info: apr.M0002: Analog signal "Net_455" is connected to one terminal only. (App=cydsfit)
Info: apr.M0002: Analog signal "Net_456" is connected to one terminal only. (App=cydsfit)
Info: apr.M0002: Analog signal "Net_457" is connected to one terminal only. (App=cydsfit)
Info: apr.M0002: Analog signal "Net_458" is connected to one terminal only. (App=cydsfit)
Info: apr.M0002: Analog signal "Net_459" is connected to one terminal only. (App=cydsfit)
Log: apr.M0058: The analog placement iterative improvement is 56% done. (App=cydsfit)
Analog Routing...
Analog Code Generation...
Digital Placement...
Error: plm.M0046: E2071: Unable to pack the design into 24 UDBs. See the Digital Placement section of the report file for details. For additional assistance, see the Mapper, Placer, Router section in the PSoC Creator help.
Error: plm.M0046: E2055: An error occurred during placement of the design.
Error: plm.M0046: "C:\Program Files (x86)\Cypress\PSoC Creator\4.2\PSoC Creator\bin/sjplacer.exe" failed (0x0000000B)
Dependency Generation...
Cleanup...
Error: fit.M0050: The fitter aborted due to errors, please address all errors and rebuild. (App=cydsfit)
--------------- Rebuild Failed: 05/07/2020 16:03:39 ---------------
