--------------- Build Started: 05/06/2020 19:47:35 Project: STS_Firmware, Configuration: ARM GCC 5.4-2016-q2-update Debug ---------------
cydsfit.exe -.appdatapath "C:\Users\Caleb Cotter\AppData\Local\Cypress Semiconductor\PSoC Creator\4.2" -.fdsnotice -.fdswarpdepfile=warp_dependencies.txt -.fdselabdepfile=elab_dependencies.txt -.fdsbldfile=generated_files.txt -.fdsreffile=referenced_files.txt -p "C:\Users\Caleb Cotter\Documents\GitHub\STS\Firmware\STS_Firmware.cydsn\STS_Firmware.cyprj" -d CY8C5888LTI-LP097 -s "C:\Users\Caleb Cotter\Documents\GitHub\STS\Firmware\STS_Firmware.cydsn\Generated_Source\PSoC5" -- -yv2 -q10 -ygs -o2 -v3 -.fftcfgtype=LE
Elaborating Design...
ADD: sdb.M0065: information: Analog terminal "vdac_ref" on ADC_SAR_SEQ_v2_10 is unconnected.
 * C:\Program Files (x86)\Cypress\PSoC Creator\4.2\PSoC Creator\psoc\content\CyComponentLibrary\CyComponentLibrary.cylib\ADC_SAR_SEQ_v2_10\PSoC5\ADC_SAR_SEQ_v2_10.cysch (Signal: vdac_ref)
 * C:\Program Files (x86)\Cypress\PSoC Creator\4.2\PSoC Creator\psoc\content\CyComponentLibrary\CyComponentLibrary.cylib\ADC_SAR_SEQ_v2_10\PSoC5\ADC_SAR_SEQ_v2_10.cysch (Shape_798)
 * C:\Program Files (x86)\Cypress\PSoC Creator\4.2\PSoC Creator\psoc\content\CyComponentLibrary\CyComponentLibrary.cylib\ADC_SAR_SEQ_v2_10\PSoC5\ADC_SAR_SEQ_v2_10.cysch (Shape_885)
HDL Generation...
Synthesis...
Tech Mapping...
ADD: pft.M0040: information: The following 19 pin(s) will be assigned a location by the fitter: \ACC_ADC:SAR:Bypass(0)\, \LCD:LCDPort(0)\, \LCD:LCDPort(1)\, \LCD:LCDPort(2)\, \LCD:LCDPort(3)\, \LCD:LCDPort(4)\, \LCD:LCDPort(5)\, \LCD:LCDPort(6)\, ACC_X_PIN(0), ACC_Y_PIN(0), ACC_Z_PIN(0), BLUE_LED(0), BUZZER(0), ENC_A(0), ENC_B(0), GREEN_LED(0), RED_LED(0), SD_EJECT_BTN(0), TARE_BTN(0)
Analog Placement...
Info: apr.M0002: Analog signal "Net_263" is connected to one terminal only. (App=cydsfit)
Info: apr.M0002: Analog signal "Net_265" is connected to one terminal only. (App=cydsfit)
Info: apr.M0002: Analog signal "Net_267" is connected to one terminal only. (App=cydsfit)
Info: apr.M0002: Analog signal "Net_268" is connected to one terminal only. (App=cydsfit)
Info: apr.M0002: Analog signal "Net_270" is connected to one terminal only. (App=cydsfit)
Info: apr.M0002: Analog signal "Net_272" is connected to one terminal only. (App=cydsfit)
Info: apr.M0002: Analog signal "Net_273" is connected to one terminal only. (App=cydsfit)
Info: apr.M0002: Analog signal "Net_275" is connected to one terminal only. (App=cydsfit)
Info: apr.M0002: Analog signal "Net_277" is connected to one terminal only. (App=cydsfit)
Info: apr.M0002: Analog signal "Net_278" is connected to one terminal only. (App=cydsfit)
Info: apr.M0002: Analog signal "Net_280" is connected to one terminal only. (App=cydsfit)
Info: apr.M0002: Analog signal "Net_282" is connected to one terminal only. (App=cydsfit)
Info: apr.M0002: Analog signal "Net_283" is connected to one terminal only. (App=cydsfit)
Info: apr.M0002: Analog signal "Net_285" is connected to one terminal only. (App=cydsfit)
Info: apr.M0002: Analog signal "Net_287" is connected to one terminal only. (App=cydsfit)
Info: apr.M0002: Analog signal "Net_288" is connected to one terminal only. (App=cydsfit)
Info: apr.M0002: Analog signal "Net_290" is connected to one terminal only. (App=cydsfit)
Info: apr.M0002: Analog signal "Net_292" is connected to one terminal only. (App=cydsfit)
Info: apr.M0002: Analog signal "Net_293" is connected to one terminal only. (App=cydsfit)
Info: apr.M0002: Analog signal "Net_295" is connected to one terminal only. (App=cydsfit)
Info: apr.M0002: Analog signal "Net_297" is connected to one terminal only. (App=cydsfit)
Info: apr.M0002: Analog signal "Net_298" is connected to one terminal only. (App=cydsfit)
Info: apr.M0002: Analog signal "Net_300" is connected to one terminal only. (App=cydsfit)
Info: apr.M0002: Analog signal "Net_302" is connected to one terminal only. (App=cydsfit)
Info: apr.M0002: Analog signal "Net_303" is connected to one terminal only. (App=cydsfit)
Info: apr.M0002: Analog signal "Net_305" is connected to one terminal only. (App=cydsfit)
Info: apr.M0002: Analog signal "Net_307" is connected to one terminal only. (App=cydsfit)
Info: apr.M0002: Analog signal "Net_308" is connected to one terminal only. (App=cydsfit)
Info: apr.M0002: Analog signal "Net_310" is connected to one terminal only. (App=cydsfit)
Info: apr.M0002: Analog signal "Net_312" is connected to one terminal only. (App=cydsfit)
Info: apr.M0002: Analog signal "Net_313" is connected to one terminal only. (App=cydsfit)
Info: apr.M0002: Analog signal "Net_315" is connected to one terminal only. (App=cydsfit)
Info: apr.M0002: Analog signal "Net_317" is connected to one terminal only. (App=cydsfit)
Info: apr.M0002: Analog signal "Net_318" is connected to one terminal only. (App=cydsfit)
Info: apr.M0002: Analog signal "Net_320" is connected to one terminal only. (App=cydsfit)
Info: apr.M0002: Analog signal "Net_322" is connected to one terminal only. (App=cydsfit)
Info: apr.M0002: Analog signal "Net_323" is connected to one terminal only. (App=cydsfit)
Info: apr.M0002: Analog signal "Net_325" is connected to one terminal only. (App=cydsfit)
Info: apr.M0002: Analog signal "Net_327" is connected to one terminal only. (App=cydsfit)
Info: apr.M0002: Analog signal "Net_328" is connected to one terminal only. (App=cydsfit)
Info: apr.M0002: Analog signal "Net_330" is connected to one terminal only. (App=cydsfit)
Info: apr.M0002: Analog signal "Net_332" is connected to one terminal only. (App=cydsfit)
Info: apr.M0002: Analog signal "Net_333" is connected to one terminal only. (App=cydsfit)
Info: apr.M0002: Analog signal "Net_335" is connected to one terminal only. (App=cydsfit)
Info: apr.M0002: Analog signal "Net_337" is connected to one terminal only. (App=cydsfit)
Info: apr.M0002: Analog signal "Net_338" is connected to one terminal only. (App=cydsfit)
Info: apr.M0002: Analog signal "Net_339" is connected to one terminal only. (App=cydsfit)
Info: apr.M0002: Analog signal "Net_340" is connected to one terminal only. (App=cydsfit)
Info: apr.M0002: Analog signal "Net_341" is connected to one terminal only. (App=cydsfit)
Info: apr.M0002: Analog signal "Net_342" is connected to one terminal only. (App=cydsfit)
Info: apr.M0002: Analog signal "Net_343" is connected to one terminal only. (App=cydsfit)
Info: apr.M0002: Analog signal "Net_344" is connected to one terminal only. (App=cydsfit)
Info: apr.M0002: Analog signal "Net_345" is connected to one terminal only. (App=cydsfit)
Info: apr.M0002: Analog signal "Net_346" is connected to one terminal only. (App=cydsfit)
Info: apr.M0002: Analog signal "Net_347" is connected to one terminal only. (App=cydsfit)
Info: apr.M0002: Analog signal "Net_348" is connected to one terminal only. (App=cydsfit)
Info: apr.M0002: Analog signal "Net_349" is connected to one terminal only. (App=cydsfit)
Info: apr.M0002: Analog signal "Net_350" is connected to one terminal only. (App=cydsfit)
Info: apr.M0002: Analog signal "Net_351" is connected to one terminal only. (App=cydsfit)
Info: apr.M0002: Analog signal "Net_352" is connected to one terminal only. (App=cydsfit)
Info: apr.M0002: Analog signal "Net_353" is connected to one terminal only. (App=cydsfit)
Log: apr.M0058: The analog placement iterative improvement is 49% done. (App=cydsfit)
Log: apr.M0058: The analog placement iterative improvement is 81% done. (App=cydsfit)
Analog Routing...
Analog Code Generation...
Digital Placement...
Digital Routing...
Bitstream Generation...
Bitstream Verification...
Static timing analysis...
API Generation...
Dependency Generation...
Cleanup...
arm-none-eabi-gcc.exe -mcpu=cortex-m3 -mthumb -I. -IGenerated_Source\PSoC5 -Wa,-alh=.\CortexM3\ARM_GCC_541\Debug/main.lst -g -D DEBUG -D CY_CORE_ID=0 -Wall -ffunction-sections -ffat-lto-objects -Og -c main.c -o .\CortexM3\ARM_GCC_541\Debug\main.o
arm-none-eabi-gcc.exe -mcpu=cortex-m3 -mthumb -I. -IGenerated_Source\PSoC5 -Wa,-alh=.\CortexM3\ARM_GCC_541\Debug/cyfitter_cfg.lst -g -D DEBUG -D CY_CORE_ID=0 -Wall -ffunction-sections -ffat-lto-objects -Og -c Generated_Source\PSoC5\cyfitter_cfg.c -o .\CortexM3\ARM_GCC_541\Debug\cyfitter_cfg.o
arm-none-eabi-gcc.exe -mcpu=cortex-m3 -mthumb -I. -IGenerated_Source\PSoC5 -Wa,-alh=.\CortexM3\ARM_GCC_541\Debug/cymetadata.lst -g -D DEBUG -D CY_CORE_ID=0 -Wall -ffunction-sections -ffat-lto-objects -Og -c Generated_Source\PSoC5\cymetadata.c -o .\CortexM3\ARM_GCC_541\Debug\cymetadata.o
arm-none-eabi-gcc.exe -mcpu=cortex-m3 -mthumb -I. -IGenerated_Source\PSoC5 -Wa,-alh=.\CortexM3\ARM_GCC_541\Debug/ACC_ADC.lst -g -D DEBUG -D CY_CORE_ID=0 -Wall -ffunction-sections -ffat-lto-objects -Og -c Generated_Source\PSoC5\ACC_ADC.c -o .\CortexM3\ARM_GCC_541\Debug\ACC_ADC.o
arm-none-eabi-gcc.exe -mcpu=cortex-m3 -mthumb -I. -IGenerated_Source\PSoC5 -Wa,-alh=.\CortexM3\ARM_GCC_541\Debug/ACC_ADC_PM.lst -g -D DEBUG -D CY_CORE_ID=0 -Wall -ffunction-sections -ffat-lto-objects -Og -c Generated_Source\PSoC5\ACC_ADC_PM.c -o .\CortexM3\ARM_GCC_541\Debug\ACC_ADC_PM.o
arm-none-eabi-gcc.exe -mcpu=cortex-m3 -mthumb -I. -IGenerated_Source\PSoC5 -Wa,-alh=.\CortexM3\ARM_GCC_541\Debug/ACC_ADC_INT.lst -g -D DEBUG -D CY_CORE_ID=0 -Wall -ffunction-sections -ffat-lto-objects -Og -c Generated_Source\PSoC5\ACC_ADC_INT.c -o .\CortexM3\ARM_GCC_541\Debug\ACC_ADC_INT.o
arm-none-eabi-gcc.exe -mcpu=cortex-m3 -mthumb -I. -IGenerated_Source\PSoC5 -Wa,-alh=.\CortexM3\ARM_GCC_541\Debug/ACC_X_PIN.lst -g -D DEBUG -D CY_CORE_ID=0 -Wall -ffunction-sections -ffat-lto-objects -Og -c Generated_Source\PSoC5\ACC_X_PIN.c -o .\CortexM3\ARM_GCC_541\Debug\ACC_X_PIN.o
arm-none-eabi-gcc.exe -mcpu=cortex-m3 -mthumb -I. -IGenerated_Source\PSoC5 -Wa,-alh=.\CortexM3\ARM_GCC_541\Debug/ACC_Y_PIN.lst -g -D DEBUG -D CY_CORE_ID=0 -Wall -ffunction-sections -ffat-lto-objects -Og -c Generated_Source\PSoC5\ACC_Y_PIN.c -o .\CortexM3\ARM_GCC_541\Debug\ACC_Y_PIN.o
arm-none-eabi-gcc.exe -mcpu=cortex-m3 -mthumb -I. -IGenerated_Source\PSoC5 -Wa,-alh=.\CortexM3\ARM_GCC_541\Debug/ACC_Z_PIN.lst -g -D DEBUG -D CY_CORE_ID=0 -Wall -ffunction-sections -ffat-lto-objects -Og -c Generated_Source\PSoC5\ACC_Z_PIN.c -o .\CortexM3\ARM_GCC_541\Debug\ACC_Z_PIN.o
arm-none-eabi-gcc.exe -mcpu=cortex-m3 -mthumb -I. -IGenerated_Source\PSoC5 -Wa,-alh=.\CortexM3\ARM_GCC_541\Debug/ADC_DMA_dma.lst -g -D DEBUG -D CY_CORE_ID=0 -Wall -ffunction-sections -ffat-lto-objects -Og -c Generated_Source\PSoC5\ADC_DMA_dma.c -o .\CortexM3\ARM_GCC_541\Debug\ADC_DMA_dma.o
arm-none-eabi-gcc.exe -mcpu=cortex-m3 -mthumb -I. -IGenerated_Source\PSoC5 -Wa,-alh=.\CortexM3\ARM_GCC_541\Debug/TARE_BTN.lst -g -D DEBUG -D CY_CORE_ID=0 -Wall -ffunction-sections -ffat-lto-objects -Og -c Generated_Source\PSoC5\TARE_BTN.c -o .\CortexM3\ARM_GCC_541\Debug\TARE_BTN.o
arm-none-eabi-gcc.exe -mcpu=cortex-m3 -mthumb -I. -IGenerated_Source\PSoC5 -Wa,-alh=.\CortexM3\ARM_GCC_541\Debug/LCD.lst -g -D DEBUG -D CY_CORE_ID=0 -Wall -ffunction-sections -ffat-lto-objects -Og -c Generated_Source\PSoC5\LCD.c -o .\CortexM3\ARM_GCC_541\Debug\LCD.o
arm-none-eabi-gcc.exe -mcpu=cortex-m3 -mthumb -I. -IGenerated_Source\PSoC5 -Wa,-alh=.\CortexM3\ARM_GCC_541\Debug/LCD_PM.lst -g -D DEBUG -D CY_CORE_ID=0 -Wall -ffunction-sections -ffat-lto-objects -Og -c Generated_Source\PSoC5\LCD_PM.c -o .\CortexM3\ARM_GCC_541\Debug\LCD_PM.o
arm-none-eabi-gcc.exe -mcpu=cortex-m3 -mthumb -I. -IGenerated_Source\PSoC5 -Wa,-alh=.\CortexM3\ARM_GCC_541\Debug/SD_EJECT_BTN.lst -g -D DEBUG -D CY_CORE_ID=0 -Wall -ffunction-sections -ffat-lto-objects -Og -c Generated_Source\PSoC5\SD_EJECT_BTN.c -o .\CortexM3\ARM_GCC_541\Debug\SD_EJECT_BTN.o
arm-none-eabi-gcc.exe -mcpu=cortex-m3 -mthumb -I. -IGenerated_Source\PSoC5 -Wa,-alh=.\CortexM3\ARM_GCC_541\Debug/ARM_ANGLE_ENCODER.lst -g -D DEBUG -D CY_CORE_ID=0 -Wall -ffunction-sections -ffat-lto-objects -Og -c Generated_Source\PSoC5\ARM_ANGLE_ENCODER.c -o .\CortexM3\ARM_GCC_541\Debug\ARM_ANGLE_ENCODER.o
arm-none-eabi-gcc.exe -mcpu=cortex-m3 -mthumb -I. -IGenerated_Source\PSoC5 -Wa,-alh=.\CortexM3\ARM_GCC_541\Debug/ARM_ANGLE_ENCODER_PM.lst -g -D DEBUG -D CY_CORE_ID=0 -Wall -ffunction-sections -ffat-lto-objects -Og -c Generated_Source\PSoC5\ARM_ANGLE_ENCODER_PM.c -o .\CortexM3\ARM_GCC_541\Debug\ARM_ANGLE_ENCODER_PM.o
arm-none-eabi-gcc.exe -mcpu=cortex-m3 -mthumb -I. -IGenerated_Source\PSoC5 -Wa,-alh=.\CortexM3\ARM_GCC_541\Debug/ENC_A.lst -g -D DEBUG -D CY_CORE_ID=0 -Wall -ffunction-sections -ffat-lto-objects -Og -c Generated_Source\PSoC5\ENC_A.c -o .\CortexM3\ARM_GCC_541\Debug\ENC_A.o
arm-none-eabi-gcc.exe -mcpu=cortex-m3 -mthumb -I. -IGenerated_Source\PSoC5 -Wa,-alh=.\CortexM3\ARM_GCC_541\Debug/ENC_B.lst -g -D DEBUG -D CY_CORE_ID=0 -Wall -ffunction-sections -ffat-lto-objects -Og -c Generated_Source\PSoC5\ENC_B.c -o .\CortexM3\ARM_GCC_541\Debug\ENC_B.o
arm-none-eabi-gcc.exe -mcpu=cortex-m3 -mthumb -I. -IGenerated_Source\PSoC5 -Wa,-alh=.\CortexM3\ARM_GCC_541\Debug/ENC_CLK.lst -g -D DEBUG -D CY_CORE_ID=0 -Wall -ffunction-sections -ffat-lto-objects -Og -c Generated_Source\PSoC5\ENC_CLK.c -o .\CortexM3\ARM_GCC_541\Debug\ENC_CLK.o
arm-none-eabi-gcc.exe -mcpu=cortex-m3 -mthumb -I. -IGenerated_Source\PSoC5 -Wa,-alh=.\CortexM3\ARM_GCC_541\Debug/RGB_LED.lst -g -D DEBUG -D CY_CORE_ID=0 -Wall -ffunction-sections -ffat-lto-objects -Og -c Generated_Source\PSoC5\RGB_LED.c -o .\CortexM3\ARM_GCC_541\Debug\RGB_LED.o
arm-none-eabi-gcc.exe -mcpu=cortex-m3 -mthumb -I. -IGenerated_Source\PSoC5 -Wa,-alh=.\CortexM3\ARM_GCC_541\Debug/RGB_LED_PM.lst -g -D DEBUG -D CY_CORE_ID=0 -Wall -ffunction-sections -ffat-lto-objects -Og -c Generated_Source\PSoC5\RGB_LED_PM.c -o .\CortexM3\ARM_GCC_541\Debug\RGB_LED_PM.o
arm-none-eabi-gcc.exe -mcpu=cortex-m3 -mthumb -I. -IGenerated_Source\PSoC5 -Wa,-alh=.\CortexM3\ARM_GCC_541\Debug/RED_LED.lst -g -D DEBUG -D CY_CORE_ID=0 -Wall -ffunction-sections -ffat-lto-objects -Og -c Generated_Source\PSoC5\RED_LED.c -o .\CortexM3\ARM_GCC_541\Debug\RED_LED.o
arm-none-eabi-gcc.exe -mcpu=cortex-m3 -mthumb -I. -IGenerated_Source\PSoC5 -Wa,-alh=.\CortexM3\ARM_GCC_541\Debug/GREEN_LED.lst -g -D DEBUG -D CY_CORE_ID=0 -Wall -ffunction-sections -ffat-lto-objects -Og -c Generated_Source\PSoC5\GREEN_LED.c -o .\CortexM3\ARM_GCC_541\Debug\GREEN_LED.o
arm-none-eabi-gcc.exe -mcpu=cortex-m3 -mthumb -I. -IGenerated_Source\PSoC5 -Wa,-alh=.\CortexM3\ARM_GCC_541\Debug/BLUE_LED.lst -g -D DEBUG -D CY_CORE_ID=0 -Wall -ffunction-sections -ffat-lto-objects -Og -c Generated_Source\PSoC5\BLUE_LED.c -o .\CortexM3\ARM_GCC_541\Debug\BLUE_LED.o
arm-none-eabi-gcc.exe -mcpu=cortex-m3 -mthumb -I. -IGenerated_Source\PSoC5 -Wa,-alh=.\CortexM3\ARM_GCC_541\Debug/BUZZER.lst -g -D DEBUG -D CY_CORE_ID=0 -Wall -ffunction-sections -ffat-lto-objects -Og -c Generated_Source\PSoC5\BUZZER.c -o .\CortexM3\ARM_GCC_541\Debug\BUZZER.o
arm-none-eabi-gcc.exe -mcpu=cortex-m3 -mthumb -I. -IGenerated_Source\PSoC5 -Wa,-alh=.\CortexM3\ARM_GCC_541\Debug/ACC_ADC_SAR.lst -g -D DEBUG -D CY_CORE_ID=0 -Wall -ffunction-sections -ffat-lto-objects -Og -c Generated_Source\PSoC5\ACC_ADC_SAR.c -o .\CortexM3\ARM_GCC_541\Debug\ACC_ADC_SAR.o
arm-none-eabi-gcc.exe -mcpu=cortex-m3 -mthumb -I. -IGenerated_Source\PSoC5 -Wa,-alh=.\CortexM3\ARM_GCC_541\Debug/ACC_ADC_SAR_INT.lst -g -D DEBUG -D CY_CORE_ID=0 -Wall -ffunction-sections -ffat-lto-objects -Og -c Generated_Source\PSoC5\ACC_ADC_SAR_INT.c -o .\CortexM3\ARM_GCC_541\Debug\ACC_ADC_SAR_INT.o
arm-none-eabi-gcc.exe -mcpu=cortex-m3 -mthumb -I. -IGenerated_Source\PSoC5 -Wa,-alh=.\CortexM3\ARM_GCC_541\Debug/ACC_ADC_SAR_PM.lst -g -D DEBUG -D CY_CORE_ID=0 -Wall -ffunction-sections -ffat-lto-objects -Og -c Generated_Source\PSoC5\ACC_ADC_SAR_PM.c -o .\CortexM3\ARM_GCC_541\Debug\ACC_ADC_SAR_PM.o
arm-none-eabi-gcc.exe -mcpu=cortex-m3 -mthumb -I. -IGenerated_Source\PSoC5 -Wa,-alh=.\CortexM3\ARM_GCC_541\Debug/ACC_ADC_IntClock.lst -g -D DEBUG -D CY_CORE_ID=0 -Wall -ffunction-sections -ffat-lto-objects -Og -c Generated_Source\PSoC5\ACC_ADC_IntClock.c -o .\CortexM3\ARM_GCC_541\Debug\ACC_ADC_IntClock.o
arm-none-eabi-gcc.exe -mcpu=cortex-m3 -mthumb -I. -IGenerated_Source\PSoC5 -Wa,-alh=.\CortexM3\ARM_GCC_541\Debug/ACC_ADC_TempBuf_dma.lst -g -D DEBUG -D CY_CORE_ID=0 -Wall -ffunction-sections -ffat-lto-objects -Og -c Generated_Source\PSoC5\ACC_ADC_TempBuf_dma.c -o .\CortexM3\ARM_GCC_541\Debug\ACC_ADC_TempBuf_dma.o
arm-none-eabi-gcc.exe -mcpu=cortex-m3 -mthumb -I. -IGenerated_Source\PSoC5 -Wa,-alh=.\CortexM3\ARM_GCC_541\Debug/ACC_ADC_FinalBuf_dma.lst -g -D DEBUG -D CY_CORE_ID=0 -Wall -ffunction-sections -ffat-lto-objects -Og -c Generated_Source\PSoC5\ACC_ADC_FinalBuf_dma.c -o .\CortexM3\ARM_GCC_541\Debug\ACC_ADC_FinalBuf_dma.o
arm-none-eabi-gcc.exe -mcpu=cortex-m3 -mthumb -I. -IGenerated_Source\PSoC5 -Wa,-alh=.\CortexM3\ARM_GCC_541\Debug/ACC_ADC_IRQ.lst -g -D DEBUG -D CY_CORE_ID=0 -Wall -ffunction-sections -ffat-lto-objects -Og -c Generated_Source\PSoC5\ACC_ADC_IRQ.c -o .\CortexM3\ARM_GCC_541\Debug\ACC_ADC_IRQ.o
arm-none-eabi-gcc.exe -mcpu=cortex-m3 -mthumb -I. -IGenerated_Source\PSoC5 -Wa,-alh=.\CortexM3\ARM_GCC_541\Debug/LCD_LCDPort.lst -g -D DEBUG -D CY_CORE_ID=0 -Wall -ffunction-sections -ffat-lto-objects -Og -c Generated_Source\PSoC5\LCD_LCDPort.c -o .\CortexM3\ARM_GCC_541\Debug\LCD_LCDPort.o
arm-none-eabi-gcc.exe -mcpu=cortex-m3 -mthumb -I. -IGenerated_Source\PSoC5 -Wa,-alh=.\CortexM3\ARM_GCC_541\Debug/ARM_ANGLE_ENCODER_Cnt16.lst -g -D DEBUG -D CY_CORE_ID=0 -Wall -ffunction-sections -ffat-lto-objects -Og -c Generated_Source\PSoC5\ARM_ANGLE_ENCODER_Cnt16.c -o .\CortexM3\ARM_GCC_541\Debug\ARM_ANGLE_ENCODER_Cnt16.o
arm-none-eabi-gcc.exe -mcpu=cortex-m3 -mthumb -I. -IGenerated_Source\PSoC5 -Wa,-alh=.\CortexM3\ARM_GCC_541\Debug/ARM_ANGLE_ENCODER_Cnt16_PM.lst -g -D DEBUG -D CY_CORE_ID=0 -Wall -ffunction-sections -ffat-lto-objects -Og -c Generated_Source\PSoC5\ARM_ANGLE_ENCODER_Cnt16_PM.c -o .\CortexM3\ARM_GCC_541\Debug\ARM_ANGLE_ENCODER_Cnt16_PM.o
arm-none-eabi-gcc.exe -mcpu=cortex-m3 -mthumb -I. -IGenerated_Source\PSoC5 -Wa,-alh=.\CortexM3\ARM_GCC_541\Debug/ACC_ADC_SAR_Bypass.lst -g -D DEBUG -D CY_CORE_ID=0 -Wall -ffunction-sections -ffat-lto-objects -Og -c Generated_Source\PSoC5\ACC_ADC_SAR_Bypass.c -o .\CortexM3\ARM_GCC_541\Debug\ACC_ADC_SAR_Bypass.o
arm-none-eabi-gcc.exe -mcpu=cortex-m3 -mthumb -I. -IGenerated_Source\PSoC5 -Wa,-alh=.\CortexM3\ARM_GCC_541\Debug/cy_em_eeprom.lst -g -D DEBUG -D CY_CORE_ID=0 -Wall -ffunction-sections -ffat-lto-objects -Og -c Generated_Source\PSoC5\cy_em_eeprom.c -o .\CortexM3\ARM_GCC_541\Debug\cy_em_eeprom.o
arm-none-eabi-gcc.exe -mcpu=cortex-m3 -mthumb -I. -IGenerated_Source\PSoC5 -Wa,-alh=.\CortexM3\ARM_GCC_541\Debug/Cm3Start.lst -g -D DEBUG -D CY_CORE_ID=0 -Wall -ffunction-sections -ffat-lto-objects -Og -c Generated_Source\PSoC5\Cm3Start.c -o .\CortexM3\ARM_GCC_541\Debug\Cm3Start.o
arm-none-eabi-gcc.exe -mcpu=cortex-m3 -mthumb -I. -IGenerated_Source\PSoC5 -Wa,-alh=.\CortexM3\ARM_GCC_541\Debug/CyDmac.lst -g -D DEBUG -D CY_CORE_ID=0 -Wall -ffunction-sections -ffat-lto-objects -Og -c Generated_Source\PSoC5\CyDmac.c -o .\CortexM3\ARM_GCC_541\Debug\CyDmac.o
arm-none-eabi-gcc.exe -mcpu=cortex-m3 -mthumb -I. -IGenerated_Source\PSoC5 -Wa,-alh=.\CortexM3\ARM_GCC_541\Debug/CyFlash.lst -g -D DEBUG -D CY_CORE_ID=0 -Wall -ffunction-sections -ffat-lto-objects -Og -c Generated_Source\PSoC5\CyFlash.c -o .\CortexM3\ARM_GCC_541\Debug\CyFlash.o
arm-none-eabi-gcc.exe -mcpu=cortex-m3 -mthumb -I. -IGenerated_Source\PSoC5 -Wa,-alh=.\CortexM3\ARM_GCC_541\Debug/CyLib.lst -g -D DEBUG -D CY_CORE_ID=0 -Wall -ffunction-sections -ffat-lto-objects -Og -c Generated_Source\PSoC5\CyLib.c -o .\CortexM3\ARM_GCC_541\Debug\CyLib.o
arm-none-eabi-gcc.exe -mcpu=cortex-m3 -mthumb -I. -IGenerated_Source\PSoC5 -Wa,-alh=.\CortexM3\ARM_GCC_541\Debug/cyPm.lst -g -D DEBUG -D CY_CORE_ID=0 -Wall -ffunction-sections -ffat-lto-objects -Og -c Generated_Source\PSoC5\cyPm.c -o .\CortexM3\ARM_GCC_541\Debug\cyPm.o
arm-none-eabi-gcc.exe -mcpu=cortex-m3 -mthumb -I. -IGenerated_Source\PSoC5 -Wa,-alh=.\CortexM3\ARM_GCC_541\Debug/CySpc.lst -g -D DEBUG -D CY_CORE_ID=0 -Wall -ffunction-sections -ffat-lto-objects -Og -c Generated_Source\PSoC5\CySpc.c -o .\CortexM3\ARM_GCC_541\Debug\CySpc.o
arm-none-eabi-gcc.exe -mcpu=cortex-m3 -mthumb -I. -IGenerated_Source\PSoC5 -Wa,-alh=.\CortexM3\ARM_GCC_541\Debug/cyutils.lst -g -D DEBUG -D CY_CORE_ID=0 -Wall -ffunction-sections -ffat-lto-objects -Og -c Generated_Source\PSoC5\cyutils.c -o .\CortexM3\ARM_GCC_541\Debug\cyutils.o
arm-none-eabi-as.exe -mcpu=cortex-m3 -mthumb -I. -IGenerated_Source\PSoC5 -alh=.\CortexM3\ARM_GCC_541\Debug/CyBootAsmGnu.lst -g -W -o .\CortexM3\ARM_GCC_541\Debug\CyBootAsmGnu.o Generated_Source\PSoC5\CyBootAsmGnu.s
arm-none-eabi-ar.exe -rs .\CortexM3\ARM_GCC_541\Debug\STS_Firmware.a .\CortexM3\ARM_GCC_541\Debug\ACC_ADC.o .\CortexM3\ARM_GCC_541\Debug\ACC_ADC_PM.o .\CortexM3\ARM_GCC_541\Debug\ACC_ADC_INT.o .\CortexM3\ARM_GCC_541\Debug\ACC_X_PIN.o .\CortexM3\ARM_GCC_541\Debug\ACC_Y_PIN.o .\CortexM3\ARM_GCC_541\Debug\ACC_Z_PIN.o .\CortexM3\ARM_GCC_541\Debug\ADC_DMA_dma.o .\CortexM3\ARM_GCC_541\Debug\TARE_BTN.o .\CortexM3\ARM_GCC_541\Debug\LCD.o .\CortexM3\ARM_GCC_541\Debug\LCD_PM.o .\CortexM3\ARM_GCC_541\Debug\SD_EJECT_BTN.o .\CortexM3\ARM_GCC_541\Debug\ARM_ANGLE_ENCODER.o .\CortexM3\ARM_GCC_541\Debug\ARM_ANGLE_ENCODER_PM.o .\CortexM3\ARM_GCC_541\Debug\ENC_A.o .\CortexM3\ARM_GCC_541\Debug\ENC_B.o .\CortexM3\ARM_GCC_541\Debug\ENC_CLK.o .\CortexM3\ARM_GCC_541\Debug\RGB_LED.o .\CortexM3\ARM_GCC_541\Debug\RGB_LED_PM.o .\CortexM3\ARM_GCC_541\Debug\RED_LED.o .\CortexM3\ARM_GCC_541\Debug\GREEN_LED.o .\CortexM3\ARM_GCC_541\Debug\BLUE_LED.o .\CortexM3\ARM_GCC_541\Debug\BUZZER.o .\CortexM3\ARM_GCC_541\Debug\ACC_ADC_SAR.o .\CortexM3\ARM_GCC_541\Debug\ACC_ADC_SAR_INT.o .\CortexM3\ARM_GCC_541\Debug\ACC_ADC_SAR_PM.o .\CortexM3\ARM_GCC_541\Debug\ACC_ADC_IntClock.o .\CortexM3\ARM_GCC_541\Debug\ACC_ADC_TempBuf_dma.o .\CortexM3\ARM_GCC_541\Debug\ACC_ADC_FinalBuf_dma.o .\CortexM3\ARM_GCC_541\Debug\ACC_ADC_IRQ.o .\CortexM3\ARM_GCC_541\Debug\LCD_LCDPort.o .\CortexM3\ARM_GCC_541\Debug\ARM_ANGLE_ENCODER_Cnt16.o .\CortexM3\ARM_GCC_541\Debug\ARM_ANGLE_ENCODER_Cnt16_PM.o .\CortexM3\ARM_GCC_541\Debug\ACC_ADC_SAR_Bypass.o .\CortexM3\ARM_GCC_541\Debug\cy_em_eeprom.o .\CortexM3\ARM_GCC_541\Debug\CyDmac.o .\CortexM3\ARM_GCC_541\Debug\CyFlash.o .\CortexM3\ARM_GCC_541\Debug\CyLib.o .\CortexM3\ARM_GCC_541\Debug\cyPm.o .\CortexM3\ARM_GCC_541\Debug\CySpc.o .\CortexM3\ARM_GCC_541\Debug\cyutils.o .\CortexM3\ARM_GCC_541\Debug\CyBootAsmGnu.o
arm-none-eabi-ar.exe: creating .\CortexM3\ARM_GCC_541\Debug\STS_Firmware.a
arm-none-eabi-gcc.exe -Wl,--start-group -o "C:\Users\Caleb Cotter\Documents\GitHub\STS\Firmware\STS_Firmware.cydsn\CortexM3\ARM_GCC_541\Debug\STS_Firmware.elf" .\CortexM3\ARM_GCC_541\Debug\main.o .\CortexM3\ARM_GCC_541\Debug\cyfitter_cfg.o .\CortexM3\ARM_GCC_541\Debug\cymetadata.o .\CortexM3\ARM_GCC_541\Debug\Cm3Start.o .\CortexM3\ARM_GCC_541\Debug\STS_Firmware.a "C:\Program Files (x86)\Cypress\PSoC Creator\4.2\PSoC Creator\psoc\content\cycomponentlibrary\CyComponentLibrary.cylib\CortexM3\ARM_GCC_541\Debug\CyComponentLibrary.a" -mcpu=cortex-m3 -mthumb -L Generated_Source\PSoC5 -Wl,-Map,.\CortexM3\ARM_GCC_541\Debug/STS_Firmware.map -T Generated_Source\PSoC5\cm3gcc.ld -specs=nano.specs -Wl,--gc-sections -g -ffunction-sections -Og -ffat-lto-objects -Wl,--end-group
cyelftool.exe -C "C:\Users\Caleb Cotter\Documents\GitHub\STS\Firmware\STS_Firmware.cydsn\CortexM3\ARM_GCC_541\Debug\STS_Firmware.elf" --flash_row_size 256 --flash_size 262144 --flash_offset 0x00000000
No ELF section .cychecksum found, creating one
Application checksum calculated and stored in ELF section .cychecksum
Checksum calculated and stored in ELF section .cymeta
cyelftool.exe -S "C:\Users\Caleb Cotter\Documents\GitHub\STS\Firmware\STS_Firmware.cydsn\CortexM3\ARM_GCC_541\Debug\STS_Firmware.elf"
Flash used: 1542 of 262144 bytes (0.6%).
SRAM used: 2529 of 65536 bytes (3.9%). Stack: 2048 bytes. Heap: 128 bytes.
--------------- Build Succeeded: 05/06/2020 19:48:10 ---------------
