Loading plugins phase: Elapsed time ==> 0s.125ms
<CYPRESSTAG name="CyDsfit arguments...">
cydsfit arguments: -.fdsnotice -.fdswarpdepfile=warp_dependencies.txt -.fdselabdepfile=elab_dependencies.txt -.fdsbldfile=generated_files.txt -.fdsreffile=referenced_files.txt -p C:\Users\nidh\Desktop\AN Updates\001-61102\AN61102\ADC_DMA_Memory_8Bit.cydsn\ADC_DMA_Memory_8Bit.cyprj -d CY8C5868AXI-LP035 -s C:\Users\nidh\Desktop\AN Updates\001-61102\AN61102\ADC_DMA_Memory_8Bit.cydsn\Generated_Source\PSoC5 -- -yv2 -q10 -ygs -o2 -v3 -.fftcfgtype=LE
</CYPRESSTAG>
<CYPRESSTAG name="Design elaboration results...">
</CYPRESSTAG>
Elaboration phase: Elapsed time ==> 1s.187ms
<CYPRESSTAG name="HDL generation results...">
</CYPRESSTAG>
HDL generation phase: Elapsed time ==> 0s.046ms
<CYPRESSTAG name="Synthesis results...">

     | | | | | | |
   _________________
  -|               |-
  -|               |-
  -|               |-
  -|    CYPRESS    |-
  -|               |-
  -|               |-   Warp Verilog Synthesis Compiler: Version 6.3 IR 41
  -|               |-   Copyright (C) 1991-2001 Cypress Semiconductor
   |_______________|
     | | | | | | |

======================================================================
Compiling:  ADC_DMA_Memory_8Bit.v
Program  :   C:\Program Files (x86)\Cypress\PSoC Creator\4.2\PSoC Creator\warp\bin\warp.exe
Options  :    -yv2 -q10 -ygs -o2 -v3 -.fftcfgtype=LE -ya -.fftprj=C:\Users\nidh\Desktop\AN Updates\001-61102\AN61102\ADC_DMA_Memory_8Bit.cydsn\ADC_DMA_Memory_8Bit.cyprj -dcpsoc3 ADC_DMA_Memory_8Bit.v -verilog
======================================================================

======================================================================
Compiling:  ADC_DMA_Memory_8Bit.v
Program  :   C:\Program Files (x86)\Cypress\PSoC Creator\4.2\PSoC Creator\warp\bin\warp.exe
Options  :    -yv2 -q10 -ygs -o2 -v3 -.fftcfgtype=LE -ya -.fftprj=C:\Users\nidh\Desktop\AN Updates\001-61102\AN61102\ADC_DMA_Memory_8Bit.cydsn\ADC_DMA_Memory_8Bit.cyprj -dcpsoc3 ADC_DMA_Memory_8Bit.v -verilog
======================================================================

======================================================================
Compiling:  ADC_DMA_Memory_8Bit.v
Program  :   vlogfe
Options  :    -yv2 -q10 -ygs -o2 -v3 -.fftcfgtype=LE -ya -.fftprj=C:\Users\nidh\Desktop\AN Updates\001-61102\AN61102\ADC_DMA_Memory_8Bit.cydsn\ADC_DMA_Memory_8Bit.cyprj -dcpsoc3 -verilog ADC_DMA_Memory_8Bit.v
======================================================================

vlogfe V6.3 IR 41:  Verilog parser
Tue Apr 10 13:42:02 2018


======================================================================
Compiling:  ADC_DMA_Memory_8Bit.v
Program  :   vpp
Options  :    -yv2 -q10 ADC_DMA_Memory_8Bit.v
======================================================================

vpp V6.3 IR 41:  Verilog Pre-Processor
Tue Apr 10 13:42:03 2018

Flattening file 'C:\Program Files (x86)\Cypress\PSoC Creator\4.2\PSoC Creator\psoc\content\CyPrimitives\cyprimitives.cylib\cy_vref_v1_70\cy_vref_v1_70.v'
Flattening file 'C:\Program Files (x86)\Cypress\PSoC Creator\4.2\PSoC Creator\psoc\content\CyPrimitives\cyprimitives.cylib\cy_analog_virtualmux_v1_0\cy_analog_virtualmux_v1_0.v'
Flattening file 'C:\Program Files (x86)\Cypress\PSoC Creator\4.2\PSoC Creator\psoc\content\CyComponentLibrary\CyComponentLibrary.cylib\AMux_v1_80\AMux_v1_80.v'
Flattening file 'C:\Program Files (x86)\Cypress\PSoC Creator\4.2\PSoC Creator\warp\lib\common\cypress.v'
Flattening file 'C:\Program Files (x86)\Cypress\PSoC Creator\4.2\PSoC Creator\warp\lib\common\cy_psoc3_inc.v'
Flattening file 'C:\Program Files (x86)\Cypress\PSoC Creator\4.2\PSoC Creator\psoc\content\CyPrimitives\cyprimitives.cylib\cy_virtualmux_v1_0\cy_virtualmux_v1_0.v'
Flattening file 'C:\Program Files (x86)\Cypress\PSoC Creator\4.2\PSoC Creator\psoc\content\CyPrimitives\cyprimitives.cylib\ZeroTerminal\ZeroTerminal.v'
Flattening file 'C:\Program Files (x86)\Cypress\PSoC Creator\4.2\PSoC Creator\psoc\content\CyPrimitives\cyprimitives.cylib\or_v1_0\or_v1_0.v'

vpp:  No errors.

Library 'work' => directory 'lcpsoc3'
General_symbol_table
General_symbol_table
Linking 'C:\Program Files (x86)\Cypress\PSoC Creator\4.2\PSoC Creator\warp\lib\common\std.vhd'.
Linking 'C:\Program Files (x86)\Cypress\PSoC Creator\4.2\PSoC Creator\warp\lib\common\cypress.vhd'.
Linking 'C:\Program Files (x86)\Cypress\PSoC Creator\4.2\PSoC Creator\warp\lib\common\work\cypress.vif'.
Linking 'C:\Program Files (x86)\Cypress\PSoC Creator\4.2\PSoC Creator\warp\lib\ieee\work\stdlogic.vif'.
Linking 'C:\Program Files (x86)\Cypress\PSoC Creator\4.2\PSoC Creator\warp\lib\common\stdlogic\lpmpkg.vif'.
Linking 'C:\Program Files (x86)\Cypress\PSoC Creator\4.2\PSoC Creator\warp\lib\common\stdlogic\rtlpkg.vif'.
Linking 'C:\Program Files (x86)\Cypress\PSoC Creator\4.2\PSoC Creator\warp\lib\common\stdlogic\mod_cnst.vif'.
Linking 'C:\Program Files (x86)\Cypress\PSoC Creator\4.2\PSoC Creator\warp\lib\common\stdlogic\mod_mthv.vif'.
Linking 'C:\Program Files (x86)\Cypress\PSoC Creator\4.2\PSoC Creator\warp\lib\common\stdlogic\mod_genv.vif'.
Using control file 'ADC_DMA_Memory_8Bit.ctl'.

vlogfe:  No errors.


======================================================================
Compiling:  ADC_DMA_Memory_8Bit.v
Program  :   tovif
Options  :    -yv2 -q10 -ygs -o2 -v3 -.fftcfgtype=LE -ya -.fftprj=C:\Users\nidh\Desktop\AN Updates\001-61102\AN61102\ADC_DMA_Memory_8Bit.cydsn\ADC_DMA_Memory_8Bit.cyprj -dcpsoc3 -verilog ADC_DMA_Memory_8Bit.v
======================================================================

tovif V6.3 IR 41:  High-level synthesis
Tue Apr 10 13:42:03 2018

Linking 'C:\Program Files (x86)\Cypress\PSoC Creator\4.2\PSoC Creator\warp\lib\common\std.vhd'.
Linking 'C:\Program Files (x86)\Cypress\PSoC Creator\4.2\PSoC Creator\warp\lib\common\cypress.vhd'.
Linking 'C:\Program Files (x86)\Cypress\PSoC Creator\4.2\PSoC Creator\warp\lib\common\work\cypress.vif'.
Linking 'C:\Program Files (x86)\Cypress\PSoC Creator\4.2\PSoC Creator\warp\lib\ieee\work\stdlogic.vif'.
Linking 'C:\Program Files (x86)\Cypress\PSoC Creator\4.2\PSoC Creator\warp\lib\common\stdlogic\lpmpkg.vif'.
Linking 'C:\Program Files (x86)\Cypress\PSoC Creator\4.2\PSoC Creator\warp\lib\common\stdlogic\rtlpkg.vif'.
Linking 'C:\Program Files (x86)\Cypress\PSoC Creator\4.2\PSoC Creator\warp\lib\common\stdlogic\mod_cnst.vif'.
Linking 'C:\Program Files (x86)\Cypress\PSoC Creator\4.2\PSoC Creator\warp\lib\common\stdlogic\mod_mthv.vif'.
Linking 'C:\Program Files (x86)\Cypress\PSoC Creator\4.2\PSoC Creator\warp\lib\common\stdlogic\mod_genv.vif'.
Linking 'C:\Users\nidh\Desktop\AN Updates\001-61102\AN61102\ADC_DMA_Memory_8Bit.cydsn\codegentemp\ADC_DMA_Memory_8Bit.ctl'.
Linking 'C:\Program Files (x86)\Cypress\PSoC Creator\4.2\PSoC Creator\psoc\content\CyPrimitives\cyprimitives.cylib\cy_vref_v1_70\cy_vref_v1_70.v'.
Linking 'C:\Users\nidh\Desktop\AN Updates\001-61102\AN61102\ADC_DMA_Memory_8Bit.cydsn\codegentemp\ADC_DMA_Memory_8Bit.v'.
Linking 'C:\Program Files (x86)\Cypress\PSoC Creator\4.2\PSoC Creator\psoc\content\CyPrimitives\cyprimitives.cylib\cy_analog_virtualmux_v1_0\cy_analog_virtualmux_v1_0.v'.
Linking 'C:\Program Files (x86)\Cypress\PSoC Creator\4.2\PSoC Creator\psoc\content\CyComponentLibrary\CyComponentLibrary.cylib\AMux_v1_80\AMux_v1_80.v'.
Linking 'C:\Program Files (x86)\Cypress\PSoC Creator\4.2\PSoC Creator\warp\lib\common\cypress.v'.
Linking 'C:\Program Files (x86)\Cypress\PSoC Creator\4.2\PSoC Creator\warp\lib\common\cy_psoc3_inc.v'.
Linking 'C:\Program Files (x86)\Cypress\PSoC Creator\4.2\PSoC Creator\psoc\content\CyPrimitives\cyprimitives.cylib\cy_virtualmux_v1_0\cy_virtualmux_v1_0.v'.
Linking 'C:\Program Files (x86)\Cypress\PSoC Creator\4.2\PSoC Creator\psoc\content\CyPrimitives\cyprimitives.cylib\ZeroTerminal\ZeroTerminal.v'.
Linking 'C:\Program Files (x86)\Cypress\PSoC Creator\4.2\PSoC Creator\psoc\content\CyPrimitives\cyprimitives.cylib\or_v1_0\or_v1_0.v'.

tovif:  No errors.


======================================================================
Compiling:  ADC_DMA_Memory_8Bit.v
Program  :   topld
Options  :    -yv2 -q10 -ygs -o2 -v3 -.fftcfgtype=LE -ya -.fftprj=C:\Users\nidh\Desktop\AN Updates\001-61102\AN61102\ADC_DMA_Memory_8Bit.cydsn\ADC_DMA_Memory_8Bit.cyprj -dcpsoc3 -verilog ADC_DMA_Memory_8Bit.v
======================================================================

topld V6.3 IR 41:  Synthesis and optimization
Tue Apr 10 13:42:03 2018

Linking 'C:\Program Files (x86)\Cypress\PSoC Creator\4.2\PSoC Creator\warp\lib\common\std.vhd'.
Linking 'C:\Program Files (x86)\Cypress\PSoC Creator\4.2\PSoC Creator\warp\lib\common\cypress.vhd'.
Linking 'C:\Program Files (x86)\Cypress\PSoC Creator\4.2\PSoC Creator\warp\lib\common\work\cypress.vif'.
Linking 'C:\Program Files (x86)\Cypress\PSoC Creator\4.2\PSoC Creator\warp\lib\ieee\work\stdlogic.vif'.
Linking 'C:\Program Files (x86)\Cypress\PSoC Creator\4.2\PSoC Creator\warp\lib\common\stdlogic\lpmpkg.vif'.
Linking 'C:\Program Files (x86)\Cypress\PSoC Creator\4.2\PSoC Creator\warp\lib\common\stdlogic\rtlpkg.vif'.
Linking 'C:\Program Files (x86)\Cypress\PSoC Creator\4.2\PSoC Creator\warp\lib\common\stdlogic\mod_cnst.vif'.
Linking 'C:\Program Files (x86)\Cypress\PSoC Creator\4.2\PSoC Creator\warp\lib\common\stdlogic\mod_mthv.vif'.
Linking 'C:\Program Files (x86)\Cypress\PSoC Creator\4.2\PSoC Creator\warp\lib\common\stdlogic\mod_genv.vif'.
Linking 'C:\Users\nidh\Desktop\AN Updates\001-61102\AN61102\ADC_DMA_Memory_8Bit.cydsn\codegentemp\ADC_DMA_Memory_8Bit.ctl'.
Linking 'C:\Program Files (x86)\Cypress\PSoC Creator\4.2\PSoC Creator\psoc\content\CyPrimitives\cyprimitives.cylib\cy_vref_v1_70\cy_vref_v1_70.v'.
Linking 'C:\Users\nidh\Desktop\AN Updates\001-61102\AN61102\ADC_DMA_Memory_8Bit.cydsn\codegentemp\ADC_DMA_Memory_8Bit.v'.
Linking 'C:\Program Files (x86)\Cypress\PSoC Creator\4.2\PSoC Creator\psoc\content\CyPrimitives\cyprimitives.cylib\cy_analog_virtualmux_v1_0\cy_analog_virtualmux_v1_0.v'.
Linking 'C:\Program Files (x86)\Cypress\PSoC Creator\4.2\PSoC Creator\psoc\content\CyComponentLibrary\CyComponentLibrary.cylib\AMux_v1_80\AMux_v1_80.v'.
Linking 'C:\Program Files (x86)\Cypress\PSoC Creator\4.2\PSoC Creator\warp\lib\common\cypress.v'.
Linking 'C:\Program Files (x86)\Cypress\PSoC Creator\4.2\PSoC Creator\warp\lib\common\cy_psoc3_inc.v'.
Linking 'C:\Program Files (x86)\Cypress\PSoC Creator\4.2\PSoC Creator\psoc\content\CyPrimitives\cyprimitives.cylib\cy_virtualmux_v1_0\cy_virtualmux_v1_0.v'.
Linking 'C:\Program Files (x86)\Cypress\PSoC Creator\4.2\PSoC Creator\psoc\content\CyPrimitives\cyprimitives.cylib\ZeroTerminal\ZeroTerminal.v'.
Linking 'C:\Program Files (x86)\Cypress\PSoC Creator\4.2\PSoC Creator\psoc\content\CyPrimitives\cyprimitives.cylib\or_v1_0\or_v1_0.v'.
Linking 'C:\Program Files (x86)\Cypress\PSoC Creator\4.2\PSoC Creator\warp\lib\lcpsoc3\stdlogic\cpsoc3.vif'.

----------------------------------------------------------
Detecting unused logic.
----------------------------------------------------------
    User names
	\ADC_DelSig:Net_268\
	\ADC_DelSig:Net_270\


Deleted 2 User equations/components.
Deleted 0 Synthesized equations/components.

------------------------------------------------------
Alias Detection
------------------------------------------------------
Aliasing one to tmpOE__Pin_Switch_net_0
Aliasing tmpOE__Pin_ADC_In_net_0 to tmpOE__Pin_Switch_net_0
Aliasing \ADC_DelSig:Net_482\ to zero
Aliasing \ADC_DelSig:Net_252\ to zero
Aliasing \ADC_DelSig:soc\ to tmpOE__Pin_Switch_net_0
Removing Lhs of wire one[10] = tmpOE__Pin_Switch_net_0[5]
Removing Lhs of wire tmpOE__Pin_ADC_In_net_0[14] = tmpOE__Pin_Switch_net_0[5]
Removing Rhs of wire \ADC_DelSig:Net_488\[32] = \ADC_DelSig:Net_250\[66]
Removing Lhs of wire \ADC_DelSig:Net_481\[34] = zero[6]
Removing Lhs of wire \ADC_DelSig:Net_482\[35] = zero[6]
Removing Lhs of wire \ADC_DelSig:Net_252\[68] = zero[6]
Removing Lhs of wire \ADC_DelSig:soc\[70] = tmpOE__Pin_Switch_net_0[5]

------------------------------------------------------
Aliased 0 equations, 7 wires.
------------------------------------------------------

----------------------------------------------------------
Circuit simplification
----------------------------------------------------------

Substituting virtuals - pass 1:


----------------------------------------------------------
Circuit simplification results:

	Expanded 0 signals.
	Turned 0 signals into soft nodes.
	Maximum default expansion cost was set at 3.
----------------------------------------------------------

topld:  No errors.

CYPRESS_DIR    : C:\Program Files (x86)\Cypress\PSoC Creator\4.2\PSoC Creator\warp
Warp Program   : C:\Program Files (x86)\Cypress\PSoC Creator\4.2\PSoC Creator\warp\bin\warp.exe
Warp Arguments : -yv2 -q10 -ygs -o2 -v3 -.fftcfgtype=LE -ya "-.fftprj=C:\Users\nidh\Desktop\AN Updates\001-61102\AN61102\ADC_DMA_Memory_8Bit.cydsn\ADC_DMA_Memory_8Bit.cyprj" -dcpsoc3 ADC_DMA_Memory_8Bit.v -verilog
</CYPRESSTAG>
Warp synthesis phase: Elapsed time ==> 0s.953ms
<CYPRESSTAG name="Fitter results...">
<CYPRESSTAG name="Fitter startup details...">
cyp3fit: V4.2.0.641, Family: PSoC3, Started at: Tuesday, 10 April 2018 13:42:03
Options: -yv2 -q10 -ygs -o2 -v3 -.fftcfgtype=LE -ya -.fftprj=C:\Users\nidh\Desktop\AN Updates\001-61102\AN61102\ADC_DMA_Memory_8Bit.cydsn\ADC_DMA_Memory_8Bit.cyprj -d CY8C5868AXI-LP035 ADC_DMA_Memory_8Bit.v -verilog
</CYPRESSTAG>
<CYPRESSTAG name="Design parsing">
Design parsing phase: Elapsed time ==> 0s.015ms
</CYPRESSTAG>
<CYPRESSTAG name="Tech Mapping">
<CYPRESSTAG name="Initial Mapping" icon="FILE_RPT_TECHM">
<CYPRESSTAG name="Global Clock Selection" icon="FILE_RPT_TECHM">
    Digital Clock 0: Automatic-assigning  clock 'ADC_DelSig_Ext_CP_Clk'. Fanout=1, Signal=\ADC_DelSig:Net_93\
    Analog  Clock 0: Automatic-assigning  clock 'ADC_DelSig_theACLK'. Fanout=1, Signal=\ADC_DelSig:Net_488\
</CYPRESSTAG>
<CYPRESSTAG name="UDB Clock/Enable Remapping Results">
</CYPRESSTAG>

Removing unused cells resulting from optimization
Done removing unused cells.
<CYPRESSTAG name="Duplicate Macrocell detection">
</CYPRESSTAG>
</CYPRESSTAG>
<CYPRESSTAG name="Duplicate Macrocell detection">
</CYPRESSTAG>
<CYPRESSTAG name="Design Equations" icon="FILE_RPT_EQUATION">

------------------------------------------------------------
Design Equations
------------------------------------------------------------
    <CYPRESSTAG name="Pin listing">

    ------------------------------------------------------------
    Pin listing
    ------------------------------------------------------------

    Pin : Name = Pin_Switch(0)
        Attributes:
            In Group/Port: True
            In Sync Option: SYNC
            Out Sync Option: AUTO
            Interrupt generated: True
            Interrupt mode: FALLING
            Drive mode: RES_PULL_UP
            VTrip: CMOS
            Slew: FAST
            Input Sync needed: True
            Output Sync needed: False
            SC shield enabled: False
            POR State: ANY
            LCD Mode: COMMON
            Register Mode: RegComb
            CaSense Mode: NEITHER
            Treat as pin: False
            Is OE Registered: False
            Uses Analog: False
            Can contain Digital: True
            Is SIO: False
            SIO Output Buf: NONREGULATED
            SIO Input Buf: SINGLE_ENDED
            SIO HiFreq: LOW
            SIO Hyst: DISABLED
            SIO Vtrip: MULTIPLIER_0_5
            SIO Multiplier Index: 0
            SIO RefSel: VCC_IO
            Required Capabilities: DIGITAL, ROUTABLE, PORT_INTERRUPT
            Initial Value: 1
            IO Voltage: 0
        PORT MAP (
            pa_out => Pin_Switch(0)__PA ,
            pad => Pin_Switch(0)_PAD );
        Properties:
        {
        }

    Pin : Name = Pin_ADC_In(0)
        Attributes:
            In Group/Port: True
            In Sync Option: AUTO
            Out Sync Option: AUTO
            Interrupt generated: False
            Interrupt mode: NONE
            Drive mode: HI_Z_ANALOG
            VTrip: EITHER
            Slew: FAST
            Input Sync needed: False
            Output Sync needed: False
            SC shield enabled: False
            POR State: ANY
            LCD Mode: COMMON
            Register Mode: RegComb
            CaSense Mode: NEITHER
            Treat as pin: True
            Is OE Registered: False
            Uses Analog: True
            Can contain Digital: False
            Is SIO: False
            SIO Output Buf: NONREGULATED
            SIO Input Buf: SINGLE_ENDED
            SIO HiFreq: LOW
            SIO Hyst: DISABLED
            SIO Vtrip: MULTIPLIER_0_5
            SIO Multiplier Index: 0
            SIO RefSel: VCC_IO
            Required Capabilities: ANALOG
            Initial Value: 0
            IO Voltage: 0
        PORT MAP (
            pa_out => Pin_ADC_In(0)__PA ,
            analog_term => Net_124 ,
            pad => Pin_ADC_In(0)_PAD );
        Properties:
        {
        }
    </CYPRESSTAG>
    <CYPRESSTAG name="Macrocell listing" icon="FILE_RPT_EQUATION">

    ------------------------------------------------------------
    Macrocell listing
    ------------------------------------------------------------

    MacroCell: Name=__ONE__, Mode=(Combinatorial)
        Total # of inputs        : 0
        Total # of product terms : 0
            Clock Enable: True
        Main Equation            : 0 pterms
        !(
            0
        );
        Output = __ONE__ (fanout=1)
    </CYPRESSTAG>
    <CYPRESSTAG name="Datapath listing">
    </CYPRESSTAG>
    <CYPRESSTAG name="Status register listing">
    </CYPRESSTAG>
    <CYPRESSTAG name="StatusI register listing">
    </CYPRESSTAG>
    <CYPRESSTAG name="Sync listing">
    </CYPRESSTAG>
    <CYPRESSTAG name="Control register listing">
    </CYPRESSTAG>
    <CYPRESSTAG name="Count7 listing">
    </CYPRESSTAG>
    <CYPRESSTAG name="DRQ listing">

    ------------------------------------------------------------
    DRQ listing
    ------------------------------------------------------------

    drqcell: Name =DMA
        PORT MAP (
            dmareq => Net_10 ,
            termin => zero ,
            termout => Net_11 );
        Properties:
        {
            drq_type = "10"
            num_tds = 0
        }
    </CYPRESSTAG>
    <CYPRESSTAG name="Interrupt listing">

    ------------------------------------------------------------
    Interrupt listing
    ------------------------------------------------------------

    interrupt: Name =ISR_DMA_Done
        PORT MAP (
            interrupt => Net_11 );
        Properties:
        {
            int_type = "10"
            is_nmi = 0
        }

    interrupt: Name =ISR_Switch
        PORT MAP (
            interrupt => Net_9 );
        Properties:
        {
            int_type = "10"
            is_nmi = 0
        }

    interrupt: Name =\ADC_DelSig:IRQ\
        PORT MAP (
            interrupt => Net_10 );
        Properties:
        {
            int_type = "10"
            is_nmi = 0
        }
    </CYPRESSTAG>
</CYPRESSTAG>
<CYPRESSTAG name="Technology mapping summary" expanded>

------------------------------------------------------------
Technology mapping summary
------------------------------------------------------------

Resource Type                 : Used : Free :  Max :  % Used
============================================================
Digital Clocks                :    1 :    7 :    8 : 12.50 %
Analog Clocks                 :    1 :    3 :    4 : 25.00 %
CapSense Buffers              :    0 :    2 :    2 :  0.00 %
Digital Filter Block          :    0 :    1 :    1 :  0.00 %
Interrupts                    :    3 :   29 :   32 :  9.38 %
IO                            :    5 :   67 :   72 :  6.94 %
Segment LCD                   :    0 :    1 :    1 :  0.00 %
CAN 2.0b                      :    0 :    1 :    1 :  0.00 %
I2C                           :    0 :    1 :    1 :  0.00 %
USB                           :    0 :    1 :    1 :  0.00 %
DMA Channels                  :    1 :   23 :   24 :  4.17 %
Timer                         :    0 :    4 :    4 :  0.00 %
UDB                           :      :      :      :        
  Macrocells                  :    1 :  191 :  192 :  0.52 %
  Unique P-terms              :    0 :  384 :  384 :  0.00 %
  Total P-terms               :    0 :      :      :        
  Datapath Cells              :    0 :   24 :   24 :  0.00 %
  Status Cells                :    0 :   24 :   24 :  0.00 %
  Control Cells               :    0 :   24 :   24 :  0.00 %
Opamp                         :    0 :    4 :    4 :  0.00 %
Comparator                    :    0 :    4 :    4 :  0.00 %
Delta-Sigma ADC               :    1 :    0 :    1 : 100.00 %
LPF                           :    0 :    2 :    2 :  0.00 %
SAR ADC                       :    0 :    2 :    2 :  0.00 %
Analog (SC/CT) Blocks         :    0 :    4 :    4 :  0.00 %
DAC                           :      :      :      :        
  VIDAC                       :    0 :    4 :    4 :  0.00 %
</CYPRESSTAG>
Technology Mapping: Elapsed time ==> 0s.015ms
Tech Mapping phase: Elapsed time ==> 0s.062ms
</CYPRESSTAG>
<CYPRESSTAG name="Analog Placement">
Initial Analog Placement Results:
IO_2@[IOP=(0)][IoId=(2)] : Pin_ADC_In(0) (fixed)
IO_1@[IOP=(6)][IoId=(1)] : Pin_Switch(0) (fixed)
DSM[0]@[FFB(DSM,0)] : \ADC_DelSig:DSM\
Vref[6]@[FFB(Vref,6)] : \ADC_DelSig:vRef_1\
Analog Placement Results:
IO_2@[IOP=(0)][IoId=(2)] : Pin_ADC_In(0) (fixed)
IO_1@[IOP=(6)][IoId=(1)] : Pin_Switch(0) (fixed)
DSM[0]@[FFB(DSM,0)] : \ADC_DelSig:DSM\
Vref[6]@[FFB(Vref,6)] : \ADC_DelSig:vRef_1\

Analog Placement phase: Elapsed time ==> 0s.046ms
</CYPRESSTAG>
<CYPRESSTAG name="Analog Routing">
Analog Routing phase: Elapsed time ==> 0s.000ms
</CYPRESSTAG>
<CYPRESSTAG name="Analog Code Generation">
============ Analog Final Answer Routes ============
Dump of CyAnalogRoutingResultsDB
Map of net to items {
  Net: \ADC_DelSig:Net_20\ {
    dsm_0_vminus
  }
  Net: \ADC_DelSig:Net_35\ {
    common_vssa
  }
  Net: \ADC_DelSig:Net_677\ {
    dsm_0_qtz_ref
  }
  Net: Net_124 {
    dsm_0_vplus
    agl6_x_dsm_0_vplus
    agl6
    agl6_x_p0_2
    p0_2
  }
  Net: \ADC_DelSig:Net_249\ {
  }
  Net: \ADC_DelSig:Net_257\ {
  }
  Net: \ADC_DelSig:Net_109\ {
  }
  Net: AmuxNet::\ADC_DelSig:AMux\ {
    dsm_0_vminus
    dsm_0_qtz_ref_x_dsm_0_vminus
    dsm_0_vminus_x_dsm_0_vminus_vssa
    dsm_0_qtz_ref
    dsm_0_vminus_vssa
    common_vssa
  }
}
Map of item to net {
  dsm_0_vplus                                      -> Net_124
  agl6_x_dsm_0_vplus                               -> Net_124
  agl6                                             -> Net_124
  agl6_x_p0_2                                      -> Net_124
  p0_2                                             -> Net_124
  dsm_0_vminus                                     -> \ADC_DelSig:Net_20\
  common_vssa                                      -> \ADC_DelSig:Net_35\
  dsm_0_qtz_ref                                    -> \ADC_DelSig:Net_677\
  dsm_0_qtz_ref_x_dsm_0_vminus                     -> AmuxNet::\ADC_DelSig:AMux\
  dsm_0_vminus_x_dsm_0_vminus_vssa                 -> AmuxNet::\ADC_DelSig:AMux\
  dsm_0_vminus_vssa                                -> AmuxNet::\ADC_DelSig:AMux\
}
Mux Info {
  Mux: \ADC_DelSig:AMux\ {
     Mouth: \ADC_DelSig:Net_20\
     Guts:  AmuxNet::\ADC_DelSig:AMux\
     IsSingleSwitching: False
     IsStaticSwitching: True
     IsAtMostOneSwitch: False
    Arm: 0 {
      Net:   \ADC_DelSig:Net_35\
      Outer: dsm_0_vminus_x_dsm_0_vminus_vssa
      Inner: __open__
      Path {
        common_vssa
        dsm_0_vminus_vssa
        dsm_0_vminus_x_dsm_0_vminus_vssa
        dsm_0_vminus
      }
    }
    Arm: 1 {
      Net:   \ADC_DelSig:Net_677\
      Outer: dsm_0_qtz_ref_x_dsm_0_vminus
      Inner: __open__
      Path {
        dsm_0_qtz_ref
        dsm_0_qtz_ref_x_dsm_0_vminus
        dsm_0_vminus
      }
    }
  }
}
Dump of CyP35AnalogRoutingResultsDB
IsVddaHalfUsedForComp = False
IsVddaHalfUsedForSar0 = False
IsVddaHalfUsedForSar1 = False
Analog Code Generation phase: Elapsed time ==> 0s.374ms
</CYPRESSTAG>
<CYPRESSTAG name="Digital Placement">
<CYPRESSTAG name="Detailed placement messages">
I2659: No Constrained paths were found. The placer will run in non-timing driven mode.
I2076: Total run-time: 0.5 sec.

</CYPRESSTAG>
<CYPRESSTAG name="PLD Packing">
<CYPRESSTAG name="PLD Packing Summary" expanded>

------------------------------------------------------------
PLD Packing Summary
------------------------------------------------------------
            Resource Type : Used : Free :  Max :  % Used
    ====================================================
                     PLDs :    1 :   47 :   48 :   2.08%

<CYPRESSTAG name="PLD Statistics">

        PLD Resource Type :     Average/LAB
    =======================================
                   Inputs :            0.00
                   Pterms :            0.00
               Macrocells :            1.00
</CYPRESSTAG>
<CYPRESSTAG name="Packed PLD Contents">
Packed PLD Contents not displayed at this verbose level.</CYPRESSTAG>
</CYPRESSTAG>
PLD Packing: Elapsed time ==> 0s.000ms
</CYPRESSTAG>
<CYPRESSTAG name="Partitioning">
<CYPRESSTAG name="Initial Partitioning Summary">
Initial Partitioning Summary not displayed at this verbose level.</CYPRESSTAG>
<CYPRESSTAG name="Final Partitioning Summary">
Final Partitioning Summary not displayed at this verbose level.</CYPRESSTAG>
Partitioning: Elapsed time ==> 0s.015ms
</CYPRESSTAG>
<CYPRESSTAG name="Final Placement Summary">

------------------------------------------------------------
Final Placement Summary
------------------------------------------------------------

       Resource Type :      Count : Avg Inputs : Avg Outputs
    ========================================================
                 UDB :          1 :       0.00 :       1.00
<CYPRESSTAG name="Final Placement Details">
<CYPRESSTAG name="Component Details">

------------------------------------------------------------
Component Placement Details
------------------------------------------------------------
UDB [UDB=(0,0)] is empty.
UDB [UDB=(0,1)] is empty.
UDB [UDB=(0,2)] is empty.
UDB [UDB=(0,3)] is empty.
UDB [UDB=(0,4)] is empty.
UDB [UDB=(0,5)] is empty.
UDB [UDB=(1,0)] is empty.
UDB [UDB=(1,1)] is empty.
UDB [UDB=(1,2)] is empty.
UDB [UDB=(1,3)] contents:
LAB@[UDB=(1,3)][LB=0] #macrocells=1, #inputs=0, #pterms=0
{
    [McSlotId=0]:     MacroCell: Name=__ONE__, Mode=(Combinatorial) @ [UDB=(1,3)][LB=0][MC=0]
        Total # of inputs        : 0
        Total # of product terms : 0
            Clock Enable: True
        Main Equation            : 0 pterms
        !(
            0
        );
        Output = __ONE__ (fanout=1)
        Properties               : 
        {
        }

    [McSlotId=1]: (empty)
    [McSlotId=2]: (empty)
    [McSlotId=3]: (empty)
}

UDB [UDB=(1,4)] is empty.
UDB [UDB=(1,5)] is empty.
UDB [UDB=(2,0)] is empty.
UDB [UDB=(2,1)] is empty.
UDB [UDB=(2,2)] is empty.
UDB [UDB=(2,3)] is empty.
UDB [UDB=(2,4)] is empty.
UDB [UDB=(2,5)] is empty.
UDB [UDB=(3,0)] is empty.
UDB [UDB=(3,1)] is empty.
UDB [UDB=(3,2)] is empty.
UDB [UDB=(3,3)] is empty.
UDB [UDB=(3,4)] is empty.
UDB [UDB=(3,5)] is empty.
Intr container @ [IntrContainer=(0)]: 
  Intr@ [IntrContainer=(0)][IntrId=(0)] 
    interrupt: Name =ISR_DMA_Done
        PORT MAP (
            interrupt => Net_11 );
        Properties:
        {
            int_type = "10"
            is_nmi = 0
        }
  Intr@ [IntrContainer=(0)][IntrId=(10)] 
    interrupt: Name =ISR_Switch
        PORT MAP (
            interrupt => Net_9 );
        Properties:
        {
            int_type = "10"
            is_nmi = 0
        }
  Intr@ [IntrContainer=(0)][IntrId=(29)] 
    interrupt: Name =\ADC_DelSig:IRQ\
        PORT MAP (
            interrupt => Net_10 );
        Properties:
        {
            int_type = "10"
            is_nmi = 0
        }
Drq container @ [DrqContainer=(0)]: 
  Dma@ [DrqContainer=(0)][DrqId=(10)] 
    drqcell: Name =DMA
        PORT MAP (
            dmareq => Net_10 ,
            termin => zero ,
            termout => Net_11 );
        Properties:
        {
            drq_type = "10"
            num_tds = 0
        }
Port 0 contains the following IO cells:
[IoId=2]: 
Pin : Name = Pin_ADC_In(0)
    Attributes:
        In Group/Port: True
        In Sync Option: AUTO
        Out Sync Option: AUTO
        Interrupt generated: False
        Interrupt mode: NONE
        Drive mode: HI_Z_ANALOG
        VTrip: EITHER
        Slew: FAST
        Input Sync needed: False
        Output Sync needed: False
        SC shield enabled: False
        POR State: ANY
        LCD Mode: COMMON
        Register Mode: RegComb
        CaSense Mode: NEITHER
        Treat as pin: True
        Is OE Registered: False
        Uses Analog: True
        Can contain Digital: False
        Is SIO: False
        SIO Output Buf: NONREGULATED
        SIO Input Buf: SINGLE_ENDED
        SIO HiFreq: LOW
        SIO Hyst: DISABLED
        SIO Vtrip: MULTIPLIER_0_5
        SIO Multiplier Index: 0
        SIO RefSel: VCC_IO
        Required Capabilities: ANALOG
        Initial Value: 0
        IO Voltage: 0
    PORT MAP (
        pa_out => Pin_ADC_In(0)__PA ,
        analog_term => Net_124 ,
        pad => Pin_ADC_In(0)_PAD );
    Properties:
    {
    }

Port 1 contains the following IO cells:
Port 2 contains the following IO cells:
Port 3 contains the following IO cells:
Port 4 contains the following IO cells:
Port 5 contains the following IO cells:
Port 6 generates interrupt for logical port:
    logicalport: Name =Pin_Switch
        PORT MAP (
            in_clock_en => tmpOE__Pin_Switch_net_0 ,
            in_reset => zero ,
            out_clock_en => tmpOE__Pin_Switch_net_0 ,
            out_reset => zero ,
            interrupt => Net_9 ,
            in_clock => ClockBlock_BUS_CLK );
        Properties:
        {
            drive_mode = "010"
            ibuf_enabled = "1"
            id = "e4f4b6f0-2d15-4ae2-bb78-c4529eee0547"
            init_dr_st = "1"
            input_buffer_sel = "00"
            input_clk_en = 0
            input_sync = "1"
            input_sync_mode = "0"
            intr_mode = "10"
            invert_in_clock = 0
            invert_in_clock_en = 0
            invert_in_reset = 0
            invert_out_clock = 0
            invert_out_clock_en = 0
            invert_out_reset = 0
            io_voltage = ""
            layout_mode = "CONTIGUOUS"
            oe_conn = "0"
            oe_reset = 0
            oe_sync = "0"
            output_clk_en = 0
            output_clock_mode = "0"
            output_conn = "0"
            output_mode = "0"
            output_reset = 0
            output_sync = "0"
            ovt_hyst_trim = "0"
            ovt_needed = "0"
            ovt_slew_control = "00"
            pa_in_clock = -1
            pa_in_clock_en = -1
            pa_in_reset = -1
            pa_out_clock = -1
            pa_out_clock_en = -1
            pa_out_reset = -1
            pin_aliases = ""
            pin_mode = "I"
            por_state = 4
            port_alias_group = ""
            port_alias_required = 0
            sio_group_cnt = 0
            sio_hifreq = "00000000"
            sio_hyst = "1"
            sio_ibuf = "00000000"
            sio_info = "00"
            sio_obuf = "00000000"
            sio_refsel = "00000000"
            sio_vohsel = "00000000"
            sio_vtrip = "00000000"
            slew_rate = "0"
            spanning = 0
            sw_only = 0
            use_annotation = "0"
            vtrip = "00"
            width = 1
        }
    and contains the following IO cells:
[IoId=1]: 
Pin : Name = Pin_Switch(0)
    Attributes:
        In Group/Port: True
        In Sync Option: SYNC
        Out Sync Option: AUTO
        Interrupt generated: True
        Interrupt mode: FALLING
        Drive mode: RES_PULL_UP
        VTrip: CMOS
        Slew: FAST
        Input Sync needed: True
        Output Sync needed: False
        SC shield enabled: False
        POR State: ANY
        LCD Mode: COMMON
        Register Mode: RegComb
        CaSense Mode: NEITHER
        Treat as pin: False
        Is OE Registered: False
        Uses Analog: False
        Can contain Digital: True
        Is SIO: False
        SIO Output Buf: NONREGULATED
        SIO Input Buf: SINGLE_ENDED
        SIO HiFreq: LOW
        SIO Hyst: DISABLED
        SIO Vtrip: MULTIPLIER_0_5
        SIO Multiplier Index: 0
        SIO RefSel: VCC_IO
        Required Capabilities: DIGITAL, ROUTABLE, PORT_INTERRUPT
        Initial Value: 1
        IO Voltage: 0
    PORT MAP (
        pa_out => Pin_Switch(0)__PA ,
        pad => Pin_Switch(0)_PAD );
    Properties:
    {
    }

Port 12 contains the following IO cells:
Port 15 contains the following IO cells:
ARM group 0: empty
CAN group 0: empty
Cache group 0: empty
CapSense group 0: empty
Clock group 0: 
    Clock Block @ F(Clock,0): 
    clockblockcell: Name =ClockBlock
        PORT MAP (
            imo => ClockBlock_IMO ,
            pllout => ClockBlock_PLL_OUT ,
            ilo => ClockBlock_ILO ,
            clk_100k => ClockBlock_100k ,
            clk_1k => ClockBlock_1k ,
            clk_32k => ClockBlock_32k ,
            xtal => ClockBlock_XTAL ,
            clk_32k_xtal => ClockBlock_XTAL_32KHZ ,
            clk_sync => ClockBlock_MASTER_CLK ,
            clk_bus_glb => ClockBlock_BUS_CLK ,
            clk_bus => ClockBlock_BUS_CLK_local ,
            dclk_glb_0 => \ADC_DelSig:Net_93\ ,
            dclk_0 => \ADC_DelSig:Net_93_local\ ,
            aclk_glb_0 => \ADC_DelSig:Net_488\ ,
            aclk_0 => \ADC_DelSig:Net_488_local\ ,
            clk_a_dig_glb_0 => \ADC_DelSig:Net_488_adig\ ,
            clk_a_dig_0 => \ADC_DelSig:Net_488_adig_local\ );
        Properties:
        {
        }
Comparator group 0: empty
DFB group 0: empty
DSM group 0: 
    DS Modulator @ F(DSM,0): 
    dsmodcell: Name =\ADC_DelSig:DSM\
        PORT MAP (
            aclock => \ADC_DelSig:Net_488\ ,
            vplus => Net_124 ,
            vminus => \ADC_DelSig:Net_20\ ,
            reset_dec => \ADC_DelSig:mod_reset\ ,
            extclk_cp_udb => \ADC_DelSig:Net_93_local\ ,
            ext_pin_1 => \ADC_DelSig:Net_249\ ,
            ext_pin_2 => \ADC_DelSig:Net_257\ ,
            ext_vssa => \ADC_DelSig:Net_109\ ,
            qtz_ref => \ADC_DelSig:Net_677\ ,
            dec_clock => \ADC_DelSig:aclock\ ,
            mod_dat_3 => \ADC_DelSig:mod_dat_3\ ,
            mod_dat_2 => \ADC_DelSig:mod_dat_2\ ,
            mod_dat_1 => \ADC_DelSig:mod_dat_1\ ,
            mod_dat_0 => \ADC_DelSig:mod_dat_0\ ,
            dout_udb_7 => \ADC_DelSig:Net_245_7\ ,
            dout_udb_6 => \ADC_DelSig:Net_245_6\ ,
            dout_udb_5 => \ADC_DelSig:Net_245_5\ ,
            dout_udb_4 => \ADC_DelSig:Net_245_4\ ,
            dout_udb_3 => \ADC_DelSig:Net_245_3\ ,
            dout_udb_2 => \ADC_DelSig:Net_245_2\ ,
            dout_udb_1 => \ADC_DelSig:Net_245_1\ ,
            dout_udb_0 => \ADC_DelSig:Net_245_0\ );
        Properties:
        {
            cy_registers = ""
            resolution = 8
        }
Decimator group 0: 
    Decimator Block @ F(Decimator,0): 
    decimatorcell: Name =\ADC_DelSig:DEC\
        PORT MAP (
            aclock => \ADC_DelSig:aclock\ ,
            mod_dat_3 => \ADC_DelSig:mod_dat_3\ ,
            mod_dat_2 => \ADC_DelSig:mod_dat_2\ ,
            mod_dat_1 => \ADC_DelSig:mod_dat_1\ ,
            mod_dat_0 => \ADC_DelSig:mod_dat_0\ ,
            ext_start => __ONE__ ,
            modrst => \ADC_DelSig:mod_reset\ ,
            interrupt => Net_10 );
        Properties:
        {
            cy_registers = ""
        }
EMIF group 0: empty
I2C group 0: empty
LCD group 0: empty
LVD group 0: empty
PICU group 0: empty
PM group 0: empty
SC group 0: empty
SPC group 0: empty
Timer group 0: empty
USB group 0: empty
VIDAC group 0: empty
OpAmp group 0: empty
CsAbuf group 0: empty
Vref group 0: 
    Vref Block @ F(Vref,6): 
    vrefcell: Name =\ADC_DelSig:vRef_1\
        PORT MAP (
            vout => \ADC_DelSig:Net_35\ );
        Properties:
        {
            autoenable = 1
            guid = "15B3DB15-B7B3-4d62-A2DF-25EA392A7161"
            ignoresleep = 0
            name = "Vssa (GND)"
        }
LPF group 0: empty
SAR group 0: empty
ANAIF group 0: empty
PHUB group 0: empty

Blocks not positioned by the digital component placer:
    Amux Block @ <No Location>: 
    amuxcell: Name =\ADC_DelSig:AMux\
        PORT MAP (
            muxin_1 => \ADC_DelSig:Net_677\ ,
            muxin_0 => \ADC_DelSig:Net_35\ ,
            vout => \ADC_DelSig:Net_20\ );
        Properties:
        {
            api_type = 0
            connect_mode = 1
            cy_registers = ""
            hw_control = 0
            init_mux_sel = "00"
            muxin_width = 2
            one_active = 0
        }
</CYPRESSTAG>
<CYPRESSTAG name="Port Configuration Details">

------------------------------------------------------------
Port Configuration report
------------------------------------------------------------
     |     |       | Interrupt |                  |               | 
Port | Pin | Fixed |      Type |       Drive Mode |          Name | Connections
-----+-----+-------+-----------+------------------+---------------+----------------
   0 |   2 |     * |      NONE |      HI_Z_ANALOG | Pin_ADC_In(0) | Analog(Net_124)
-----+-----+-------+-----------+------------------+---------------+----------------
   6 |   1 |     * |   FALLING |      RES_PULL_UP | Pin_Switch(0) | 
-----------------------------------------------------------------------------------
</CYPRESSTAG>
</CYPRESSTAG>
</CYPRESSTAG>
Digital component placer commit/Report: Elapsed time ==> 0s.015ms
Digital Placement phase: Elapsed time ==> 0s.760ms
</CYPRESSTAG>
<CYPRESSTAG name="Digital Routing">
"C:\Program Files (x86)\Cypress\PSoC Creator\4.2\PSoC Creator\bin/sjrouter.exe" --xml-path "C:\Program Files (x86)\Cypress\PSoC Creator\4.2\PSoC Creator\dev\psoc5/psoc5lp/route_arch-rrg.cydata" --vh2-path "ADC_DMA_Memory_8Bit_r.vh2" --pcf-path "ADC_DMA_Memory_8Bit.pco" --des-name "ADC_DMA_Memory_8Bit" --dsf-path "ADC_DMA_Memory_8Bit.dsf" --sdc-path "ADC_DMA_Memory_8Bit.sdc" --lib-path "ADC_DMA_Memory_8Bit_r.lib"
Routing successful.
Digital Routing phase: Elapsed time ==> 1s.062ms
</CYPRESSTAG>
<CYPRESSTAG name="Bitstream Generation">
Bitstream Generation phase: Elapsed time ==> 0s.171ms
</CYPRESSTAG>
<CYPRESSTAG name="Bitstream Verification">
Bitstream Verification phase: Elapsed time ==> 0s.046ms
</CYPRESSTAG>
<CYPRESSTAG name="Static timing analysis">
Timing report is in ADC_DMA_Memory_8Bit_timing.html.
Static timing analysis phase: Elapsed time ==> 0s.249ms
</CYPRESSTAG>
<CYPRESSTAG name="Data reporting">
Data reporting phase: Elapsed time ==> 0s.000ms
</CYPRESSTAG>
<CYPRESSTAG name="Database update...">
Design database save phase: Elapsed time ==> 0s.203ms
</CYPRESSTAG>
cydsfit: Elapsed time ==> 3s.042ms
</CYPRESSTAG>
Fitter phase: Elapsed time ==> 3s.042ms
API generation phase: Elapsed time ==> 1s.359ms
Dependency generation phase: Elapsed time ==> 0s.015ms
Cleanup phase: Elapsed time ==> 0s.000ms
